[info] Log at : 2026/2/2|07:11:24|GMT+0800

[info] Log at : 2026/2/2|07:11:40|GMT+0800

[info] Log at : 2026/2/2|07:12:02|GMT+0800

SyntaxError: Expected double-quoted property name in JSON at position 2420 (line 69 column 13)
    at JSON.parse (<anonymous>)
    at F.updateCppProperties (c:\Users\Xiong Sir\.vscode\extensions\cl.keil-assistant-1.7.0\dist\extension.js:1:10849)
    at F.<anonymous> (c:\Users\Xiong Sir\.vscode\extensions\cl.keil-assistant-1.7.0\dist\extension.js:1:12579)
    at Generator.next (<anonymous>)
    at c:\Users\Xiong Sir\.vscode\extensions\cl.keil-assistant-1.7.0\dist\extension.js:1:4480
    at new Promise (<anonymous>)
    at r (c:\Users\Xiong Sir\.vscode\extensions\cl.keil-assistant-1.7.0\dist\extension.js:1:4225)
    at F.load (c:\Users\Xiong Sir\.vscode\extensions\cl.keil-assistant-1.7.0\dist\extension.js:1:11310)
    at w.<anonymous> (c:\Users\Xiong Sir\.vscode\extensions\cl.keil-assistant-1.7.0\dist\extension.js:1:8737)
    at Generator.next (<anonymous>)
    at a (c:\Users\Xiong Sir\.vscode\extensions\cl.keil-assistant-1.7.0\dist\extension.js:1:4282)
    at processTicksAndRejections (node:internal/process/task_queues:105:5)
[info] Log at : 2026/2/3|22:58:21|GMT+0800

[info] Log at : 2026/2/3|23:00:49|GMT+0800

[info] Log at : 2026/2/4|03:16:09|GMT+0800

[info] Log at : 2026/2/4|03:20:45|GMT+0800

[info] Log at : 2026/2/4|03:22:05|GMT+0800

[info] Log at : 2026/2/4|03:22:43|GMT+0800

[info] Log at : 2026/2/4|03:56:57|GMT+0800

[info] Log at : 2026/2/4|03:58:23|GMT+0800

[info] Log at : 2026/2/4|04:01:28|GMT+0800

[info] Log at : 2026/2/4|04:18:01|GMT+0800

[info] Log at : 2026/2/4|05:24:00|GMT+0800

[info] Log at : 2026/2/4|07:51:17|GMT+0800

[info] Log at : 2026/2/8|23:20:38|GMT+0800

[info] Log at : 2026/2/14|13:29:49|GMT+0800

[info] Log at : 2026/2/14|14:26:58|GMT+0800

[info] Log at : 2026/2/14|14:27:10|GMT+0800

[info] Log at : 2026/2/14|16:29:46|GMT+0800

[info] Log at : 2026/2/22|16:46:59|GMT+0800

[info] Log at : 2026/3/3|20:55:34|GMT+0800

[info] Log at : 2026/3/5|16:44:41|GMT+0800

[info] Log at : 2026/3/6|20:58:55|GMT+0800

[info] Log at : 2026/3/7|23:00:38|GMT+0800

[info] Log at : 2026/3/11|17:50:06|GMT+0800

[info] Log at : 2026/3/13|07:10:42|GMT+0800

[info] Log at : 2026/3/14|00:28:57|GMT+0800

[info] Log at : 2026/3/14|02:21:09|GMT+0800

[info] Log at : 2026/3/20|12:59:03|GMT+0800

[info] Log at : 2026/3/28|04:00:52|GMT+0800

[info] Log at : 2026/3/28|04:27:59|GMT+0800

[info] Log at : 2026/3/28|07:57:30|GMT+0800

[info] Log at : 2026/5/28|13:51:50|GMT+0800

[info] Log at : 2026/6/23|19:00:20|GMT+0800

